<?xml version="1.0" encoding="UTF-8"?>
<!-- Generated by org.testng.reporters.JUnitXMLReporter -->
<testsuite ignored="0" hostname="DESKTOP-7SIFO9D" failures="0" tests="3" name="Default test" time="0.089" errors="0" timestamp="2022-09-04T09:24:27 IST">
  <testcase classname="test.LoanTest" name="PersonalLoanTest" time="0.009"/>
  <testcase classname="test.LoanTest" name="PersonalLoanTest1" time="0.003"/>
  <testcase classname="test.LoanTest" name="HomeLoanTest" time="0.002"/>
</testsuite> <!-- Default test -->
